<?xml version="1.0" encoding="UTF-8"?>
<!-- Generated by org.testng.reporters.JUnitReportReporter -->
<testsuite hostname="DESKTOP-52RJ0DB" failures="0" tests="1" name="callingAmazonTestCases.CallingProgramAmazon" time="17.142" errors="0" timestamp="2024-02-16T23:23:28 IST" skipped="0">
  <testcase classname="callingAmazonTestCases.CallingProgramAmazon" name="verifyGiftCardDetails" time="17.142"/>
</testsuite> <!-- callingAmazonTestCases.CallingProgramAmazon -->
